app/build/intermediates/manifest_merge_blame_file/debug/manifest-merger-blame-debug-report.txt
1<?xml version="1.0" encoding="utf-8"?>
2<manifest xmlns:android="http://schemas.android.com/apk/res/android"
3    package="com.uni.truthdare"
4    android:versionCode="1"
5    android:versionName="1.0" >
6
7    <uses-sdk
8        android:minSdkVersion="23"
8-->src\main\AndroidManifest.xml
9        android:targetSdkVersion="29" />
9-->src\main\AndroidManifest.xml
10
11    <application
11-->src\main\AndroidManifest.xml:4:5-31:19
12        android:allowBackup="true"
12-->src\main\AndroidManifest.xml:5:9-35
13        android:appComponentFactory="androidx.core.app.CoreComponentFactory"
13-->[androidx.core:core:1.1.0] AndroidManifest.xml:24:18-86
14        android:debuggable="true"
15        android:extractNativeLibs="false"
16        android:icon="@drawable/icon"
16-->src\main\AndroidManifest.xml:6:9-38
17        android:label="@string/app_name"
17-->src\main\AndroidManifest.xml:7:9-41
18        android:roundIcon="@drawable/loading_icon"
18-->src\main\AndroidManifest.xml:8:9-51
19        android:supportsRtl="true"
19-->src\main\AndroidManifest.xml:9:9-35
20        android:testOnly="true"
21        android:theme="@style/AppTheme" >
21-->src\main\AndroidManifest.xml:10:9-40
22        <activity
22-->src\main\AndroidManifest.xml:12:9-18:20
23            android:name="com.uni.truthdare.StartActivity"
23-->src\main\AndroidManifest.xml:12:19-48
24            android:screenOrientation="portrait" >
24-->src\main\AndroidManifest.xml:13:13-49
25            <intent-filter>
25-->src\main\AndroidManifest.xml:14:13-17:29
26                <action android:name="android.intent.action.MAIN" />
26-->src\main\AndroidManifest.xml:15:17-69
26-->src\main\AndroidManifest.xml:15:25-66
27
28                <category android:name="android.intent.category.LAUNCHER" />
28-->src\main\AndroidManifest.xml:16:17-77
28-->src\main\AndroidManifest.xml:16:27-74
29            </intent-filter>
30        </activity>
31        <activity
31-->src\main\AndroidManifest.xml:20:9-23:20
32            android:name="com.uni.truthdare.DareActivity"
32-->src\main\AndroidManifest.xml:21:13-41
33            android:label="@string/dare" >
33-->src\main\AndroidManifest.xml:22:13-41
34        </activity>
35        <activity
35-->src\main\AndroidManifest.xml:24:9-27:20
36            android:name="com.uni.truthdare.TruthActivity"
36-->src\main\AndroidManifest.xml:25:13-42
37            android:label="@string/truth" >
37-->src\main\AndroidManifest.xml:26:13-42
38        </activity>
39        <activity
39-->src\main\AndroidManifest.xml:28:9-30:20
40            android:name="com.uni.truthdare.MainActivity"
40-->src\main\AndroidManifest.xml:28:19-47
41            android:screenOrientation="portrait" >
41-->src\main\AndroidManifest.xml:29:13-49
42        </activity>
43    </application>
44
45</manifest>